<?xml version="1.0" encoding="UTF-8"?>
<testsuite xmlns:xsi="http://www.w3.org/2001/XMLSchema-instance" xsi:noNamespaceSchemaLocation="https://maven.apache.org/surefire/maven-surefire-plugin/xsd/surefire-test-report-3.0.xsd" version="3.0" name="com.example.laburgueseriabackend.LaburgueseriaBackendApplicationTests" time="9.528" tests="1" errors="0" skipped="0" failures="0">
  <properties>
[...]
</properties>
  <testcase name="contextLoads" classname="com.example.laburgueseriabackend.LaburgueseriaBackendApplicationTests" time="0.51">
    <system-out><![CDATA[16:52:20.111 [main] INFO org.springframework.test.context.support.AnnotationConfigContextLoaderUtils -- Could not detect default configuration classes for test class [com.example.laburgueseriabackend.LaburgueseriaBackendApplicationTests]: LaburgueseriaBackendApplicationTests does not declare any static, non-private, non-final, nested classes annotated with @Configuration.
16:52:20.202 [main] INFO org.springframework.boot.test.context.SpringBootTestContextBootstrapper -- Found @SpringBootConfiguration com.example.laburgueseriabackend.LaburgueseriaBackendApplication for test class com.example.laburgueseriabackend.LaburgueseriaBackendApplicationTests
16:52:20.339 [main] INFO org.springframework.boot.devtools.restart.RestartApplicationListener -- Restart disabled due to context in which it is running

  .   ____          _            __ _ _
 /\\ / ___'_ __ _ _(_)_ __  __ _ \ \ \ \
( ( )\___ | '_ | '_| | '_ \/ _` | \ \ \ \
 \\/  ___)| |_)| | | | | || (_| |  ) ) ) )
  '  |____| .__|_| |_|_| |_\__, | / / / /
 =========|_|==============|___/=/_/_/_/
 :: Spring Boot ::                (v3.1.5)

2024-04-26T16:52:20.535-05:00  INFO 22300 --- [           main] e.l.LaburgueseriaBackendApplicationTests : Starting LaburgueseriaBackendApplicationTests using Java 19.0.2 with PID 22300 (started by james in D:\dev\sena\proyecto formativo sena\laburgueseria\backend)
2024-04-26T16:52:20.536-05:00  INFO 22300 --- [           main] e.l.LaburgueseriaBackendApplicationTests : No active profile set, falling back to 1 default profile: "default"
2024-04-26T16:52:21.195-05:00  INFO 22300 --- [           main] .s.d.r.c.RepositoryConfigurationDelegate : Bootstrapping Spring Data JPA repositories in DEFAULT mode.
2024-04-26T16:52:21.274-05:00  INFO 22300 --- [           main] .s.d.r.c.RepositoryConfigurationDelegate : Finished Spring Data repository scanning in 73 ms. Found 15 JPA repository interfaces.
2024-04-26T16:52:21.694-05:00  INFO 22300 --- [           main] o.hibernate.jpa.internal.util.LogHelper  : HHH000204: Processing PersistenceUnitInfo [name: default]
2024-04-26T16:52:21.758-05:00  INFO 22300 --- [           main] org.hibernate.Version                    : HHH000412: Hibernate ORM core version 6.2.13.Final
2024-04-26T16:52:21.760-05:00  INFO 22300 --- [           main] org.hibernate.cfg.Environment            : HHH000406: Using bytecode reflection optimizer
2024-04-26T16:52:22.057-05:00  INFO 22300 --- [           main] o.s.o.j.p.SpringPersistenceUnitInfo      : No LoadTimeWeaver setup: ignoring JPA class transformer
2024-04-26T16:52:22.093-05:00  INFO 22300 --- [           main] com.zaxxer.hikari.HikariDataSource       : HikariPool-1 - Starting...
2024-04-26T16:52:22.096-05:00  WARN 22300 --- [           main] c.zaxxer.hikari.util.DriverDataSource    : Registered driver with driverClassName=com.mysql.jdbc.Driver was not found, trying direct instantiation.
2024-04-26T16:52:23.306-05:00  INFO 22300 --- [           main] com.zaxxer.hikari.pool.HikariPool        : HikariPool-1 - Added connection com.mysql.cj.jdbc.ConnectionImpl@7f2ca6f8
2024-04-26T16:52:23.311-05:00  INFO 22300 --- [           main] com.zaxxer.hikari.HikariDataSource       : HikariPool-1 - Start completed.
2024-04-26T16:52:23.443-05:00  WARN 22300 --- [           main] org.hibernate.orm.deprecation            : HHH90000025: MySQL8Dialect does not need to be specified explicitly using 'hibernate.dialect' (remove the property setting and it will be selected by default)
2024-04-26T16:52:23.443-05:00  WARN 22300 --- [           main] org.hibernate.orm.deprecation            : HHH90000026: MySQL8Dialect has been deprecated; use org.hibernate.dialect.MySQLDialect instead
2024-04-26T16:52:24.405-05:00  INFO 22300 --- [           main] o.h.e.t.j.p.i.JtaPlatformInitiator       : HHH000489: No JTA platform available (set 'hibernate.transaction.jta.platform' to enable JTA platform integration)
2024-04-26T16:52:27.273-05:00  INFO 22300 --- [           main] j.LocalContainerEntityManagerFactoryBean : Initialized JPA EntityManagerFactory for persistence unit 'default'
2024-04-26T16:52:27.484-05:00  INFO 22300 --- [           main] o.s.d.j.r.query.QueryEnhancerFactory     : Hibernate is in classpath; If applicable, HQL parser will be used.
2024-04-26T16:52:28.416-05:00  WARN 22300 --- [           main] JpaBaseConfiguration$JpaWebConfiguration : spring.jpa.open-in-view is enabled by default. Therefore, database queries may be performed during view rendering. Explicitly configure spring.jpa.open-in-view to disable this warning
2024-04-26T16:52:28.491-05:00  INFO 22300 --- [           main] o.s.s.web.DefaultSecurityFilterChain     : Will secure any request with [org.springframework.security.web.session.DisableEncodeUrlFilter@54a0ada1, org.springframework.security.web.context.request.async.WebAsyncManagerIntegrationFilter@162bc9e8, org.springframework.security.web.context.SecurityContextHolderFilter@7f55e1b9, org.springframework.security.web.header.HeaderWriterFilter@49e8f283, org.springframework.security.web.authentication.logout.LogoutFilter@3e9f3d0f, com.example.laburgueseriabackend.jwt.JwtAuthenticationFilter@762e3836, org.springframework.security.web.savedrequest.RequestCacheAwareFilter@7a6ef10b, org.springframework.security.web.servletapi.SecurityContextHolderAwareRequestFilter@4f72e38c, org.springframework.security.web.authentication.AnonymousAuthenticationFilter@5ec2462, org.springframework.security.web.session.SessionManagementFilter@1c1e971c, org.springframework.security.web.access.ExceptionTranslationFilter@65daaa95, org.springframework.security.web.access.intercept.AuthorizationFilter@55f2e76a]
2024-04-26T16:52:28.941-05:00  INFO 22300 --- [           main] e.l.LaburgueseriaBackendApplicationTests : Started LaburgueseriaBackendApplicationTests in 8.613 seconds (process running for 10.269)
]]></system-out>
    <system-err><![CDATA[Loading class `com.mysql.jdbc.Driver'. This is deprecated. The new driver class is `com.mysql.cj.jdbc.Driver'. The driver is automatically registered via the SPI and manual loading of the driver class is generally unnecessary.
]]></system-err>
  </testcase>
</testsuite>